<?xml version="1.0" encoding="UTF-8"?>
<testng-results ignored="0" total="1" passed="1" failed="0" skipped="0">
  <reporter-output>
  </reporter-output>
  <suite started-at="2024-07-06T11:45:51 IST" name="Default suite" finished-at="2024-07-06T11:45:54 IST" duration-ms="2572">
    <groups>
    </groups>
    <test started-at="2024-07-06T11:45:51 IST" name="Default test" finished-at="2024-07-06T11:45:54 IST" duration-ms="2572">
      <class name="encryption.API_EncodeTest">
        <test-method signature="sampleTest()[pri:0, instance:encryption.API_EncodeTest@35cabb2a]" started-at="2024-07-06T11:45:51 IST" name="sampleTest" finished-at="2024-07-06T11:45:54 IST" duration-ms="2531" status="PASS">
          <reporter-output>
          </reporter-output>
        </test-method> <!-- sampleTest -->
      </class> <!-- encryption.API_EncodeTest -->
    </test> <!-- Default test -->
  </suite> <!-- Default suite -->
</testng-results>
