<?xml version="1.0" encoding="UTF-8"?>
<testng-results ignored="0" total="1" passed="1" failed="0" skipped="0">
  <reporter-output>
  </reporter-output>
  <suite started-at="2024-07-15T18:02:19 IST" name="Default suite" finished-at="2024-07-15T18:02:21 IST" duration-ms="2419">
    <groups>
    </groups>
    <test started-at="2024-07-15T18:02:19 IST" name="Default test" finished-at="2024-07-15T18:02:21 IST" duration-ms="2419">
      <class name="com.sample.crud.withBDDTest.SampleTestForReadTest">
        <test-method signature="getDataFromServer()[pri:0, instance:com.sample.crud.withBDDTest.SampleTestForReadTest@35cabb2a]" started-at="2024-07-15T18:02:19 IST" name="getDataFromServer" finished-at="2024-07-15T18:02:21 IST" duration-ms="2375" status="PASS">
          <reporter-output>
          </reporter-output>
        </test-method> <!-- getDataFromServer -->
      </class> <!-- com.sample.crud.withBDDTest.SampleTestForReadTest -->
    </test> <!-- Default test -->
  </suite> <!-- Default suite -->
</testng-results>
